[debug] [2022-03-20T13:08:58.348Z] ----------------------------------------------------------------------
[debug] [2022-03-20T13:08:58.350Z] Command:       /usr/local/bin/node /usr/local/bin/firebase init
[debug] [2022-03-20T13:08:58.350Z] CLI Version:   10.4.0
[debug] [2022-03-20T13:08:58.350Z] Platform:      darwin
[debug] [2022-03-20T13:08:58.351Z] Node Version:  v14.17.5
[debug] [2022-03-20T13:08:58.362Z] Time:          Sun Mar 20 2022 18:38:58 GMT+0530 (India Standard Time)
[debug] [2022-03-20T13:08:58.362Z] ----------------------------------------------------------------------
[debug] 
[debug] [2022-03-20T13:08:58.455Z] > command requires scopes: ["email","openid","https://www.googleapis.com/auth/cloudplatformprojects.readonly","https://www.googleapis.com/auth/firebase","https://www.googleapis.com/auth/cloud-platform"]
[debug] [2022-03-20T13:08:58.455Z] > authorizing via signed-in user (csfahad.officiall@gmail.com)
[info] 
     ######## #### ########  ######## ########     ###     ######  ########
     ##        ##  ##     ## ##       ##     ##  ##   ##  ##       ##
     ######    ##  ########  ######   ########  #########  ######  ######
     ##        ##  ##    ##  ##       ##     ## ##     ##       ## ##
     ##       #### ##     ## ######## ########  ##     ##  ######  ########

You're about to initialize a Firebase project in this directory:

  /Users/csfahad/Documents/Builds/tesla-clone

Before we get started, keep in mind:

  * You are initializing within an existing Firebase project directory

